<?xml version="1.0" encoding="UTF-8"?>
<testsuite xmlns:xsi="http://www.w3.org/2001/XMLSchema-instance" xsi:noNamespaceSchemaLocation="https://maven.apache.org/surefire/maven-surefire-plugin/xsd/surefire-test-report-3.0.xsd" version="3.0" name="com.visualpathit.account.modelTest.UserTest" time="0.003" tests="1" errors="0" skipped="0" failures="0">
  <properties>
    <property name="gopherProxySet" value="false"/>
    <property name="awt.toolkit" value="sun.lwawt.macosx.LWCToolkit"/>
    <property name="file.encoding.pkg" value="sun.io"/>
    <property name="java.specification.version" value="1.8"/>
    <property name="sun.cpu.isalist" value=""/>
    <property name="sun.jnu.encoding" value="UTF-8"/>
    <property name="java.class.path" value="/Users/isaac/Desktop/vprofile-project/target/test-classes:/Users/isaac/Desktop/vprofile-project/target/classes:/Users/isaac/.m2/repository/org/springframework/spring-web/4.2.0.RELEASE/spring-web-4.2.0.RELEASE.jar:/Users/isaac/.m2/repository/org/springframework/spring-aop/4.2.0.RELEASE/spring-aop-4.2.0.RELEASE.jar:/Users/isaac/.m2/repository/org/springframework/spring-beans/4.2.0.RELEASE/spring-beans-4.2.0.RELEASE.jar:/Users/isaac/.m2/repository/org/springframework/spring-context/4.2.0.RELEASE/spring-context-4.2.0.RELEASE.jar:/Users/isaac/.m2/repository/org/springframework/spring-core/4.2.0.RELEASE/spring-core-4.2.0.RELEASE.jar:/Users/isaac/.m2/repository/commons-logging/commons-logging/1.2/commons-logging-1.2.jar:/Users/isaac/.m2/repository/org/springframework/spring-webmvc/4.2.0.RELEASE/spring-webmvc-4.2.0.RELEASE.jar:/Users/isaac/.m2/repository/org/springframework/spring-expression/4.2.0.RELEASE/spring-expression-4.2.0.RELEASE.jar:/Users/isaac/.m2/repository/org/springframework/security/spring-security-web/4.0.2.RELEASE/spring-security-web-4.0.2.RELEASE.jar:/Users/isaac/.m2/repository/aopalliance/aopalliance/1.0/aopalliance-1.0.jar:/Users/isaac/.m2/repository/org/springframework/security/spring-security-core/4.0.2.RELEASE/spring-security-core-4.0.2.RELEASE.jar:/Users/isaac/.m2/repository/org/springframework/security/spring-security-config/4.0.2.RELEASE/spring-security-config-4.0.2.RELEASE.jar:/Users/isaac/.m2/repository/org/hibernate/hibernate-validator/5.2.1.Final/hibernate-validator-5.2.1.Final.jar:/Users/isaac/.m2/repository/javax/validation/validation-api/1.1.0.Final/validation-api-1.1.0.Final.jar:/Users/isaac/.m2/repository/org/jboss/logging/jboss-logging/3.2.1.Final/jboss-logging-3.2.1.Final.jar:/Users/isaac/.m2/repository/com/fasterxml/classmate/1.1.0/classmate-1.1.0.jar:/Users/isaac/.m2/repository/org/springframework/data/spring-data-jpa/1.8.2.RELEASE/spring-data-jpa-1.8.2.RELEASE.jar:/Users/isaac/.m2/repository/org/springframework/data/spring-data-commons/1.10.2.RELEASE/spring-data-commons-1.10.2.RELEASE.jar:/Users/isaac/.m2/repository/org/springframework/spring-orm/4.0.9.RELEASE/spring-orm-4.0.9.RELEASE.jar:/Users/isaac/.m2/repository/org/springframework/spring-jdbc/4.0.9.RELEASE/spring-jdbc-4.0.9.RELEASE.jar:/Users/isaac/.m2/repository/org/springframework/spring-tx/4.0.9.RELEASE/spring-tx-4.0.9.RELEASE.jar:/Users/isaac/.m2/repository/org/aspectj/aspectjrt/1.8.6/aspectjrt-1.8.6.jar:/Users/isaac/.m2/repository/org/slf4j/slf4j-api/1.7.12/slf4j-api-1.7.12.jar:/Users/isaac/.m2/repository/org/slf4j/jcl-over-slf4j/1.7.12/jcl-over-slf4j-1.7.12.jar:/Users/isaac/.m2/repository/org/hibernate/hibernate-entitymanager/4.3.11.Final/hibernate-entitymanager-4.3.11.Final.jar:/Users/isaac/.m2/repository/org/jboss/logging/jboss-logging-annotations/1.2.0.Beta1/jboss-logging-annotations-1.2.0.Beta1.jar:/Users/isaac/.m2/repository/org/hibernate/hibernate-core/4.3.11.Final/hibernate-core-4.3.11.Final.jar:/Users/isaac/.m2/repository/antlr/antlr/2.7.7/antlr-2.7.7.jar:/Users/isaac/.m2/repository/org/jboss/jandex/1.1.0.Final/jandex-1.1.0.Final.jar:/Users/isaac/.m2/repository/dom4j/dom4j/1.6.1/dom4j-1.6.1.jar:/Users/isaac/.m2/repository/xml-apis/xml-apis/1.0.b2/xml-apis-1.0.b2.jar:/Users/isaac/.m2/repository/org/hibernate/common/hibernate-commons-annotations/4.0.5.Final/hibernate-commons-annotations-4.0.5.Final.jar:/Users/isaac/.m2/repository/org/hibernate/javax/persistence/hibernate-jpa-2.1-api/1.0.0.Final/hibernate-jpa-2.1-api-1.0.0.Final.jar:/Users/isaac/.m2/repository/org/jboss/spec/javax/transaction/jboss-transaction-api_1.2_spec/1.0.0.Final/jboss-transaction-api_1.2_spec-1.0.0.Final.jar:/Users/isaac/.m2/repository/org/javassist/javassist/3.18.1-GA/javassist-3.18.1-GA.jar:/Users/isaac/.m2/repository/mysql/mysql-connector-java/5.1.36/mysql-connector-java-5.1.36.jar:/Users/isaac/.m2/repository/commons-dbcp/commons-dbcp/1.4/commons-dbcp-1.4.jar:/Users/isaac/.m2/repository/commons-pool/commons-pool/1.5.4/commons-pool-1.5.4.jar:/Users/isaac/.m2/repository/javax/servlet/jstl/1.2/jstl-1.2.jar:/Users/isaac/.m2/repository/junit/junit/4.10/junit-4.10.jar:/Users/isaac/.m2/repository/org/hamcrest/hamcrest-core/1.1/hamcrest-core-1.1.jar:/Users/isaac/.m2/repository/org/mockito/mockito-core/1.9.5/mockito-core-1.9.5.jar:/Users/isaac/.m2/repository/org/objenesis/objenesis/1.0/objenesis-1.0.jar:/Users/isaac/.m2/repository/org/springframework/spring-test/3.2.3.RELEASE/spring-test-3.2.3.RELEASE.jar:/Users/isaac/.m2/repository/javax/servlet/javax.servlet-api/3.1.0/javax.servlet-api-3.1.0.jar:/Users/isaac/.m2/repository/ch/qos/logback/logback-classic/1.1.3/logback-classic-1.1.3.jar:/Users/isaac/.m2/repository/ch/qos/logback/logback-core/1.1.3/logback-core-1.1.3.jar:/Users/isaac/.m2/repository/org/hamcrest/hamcrest-all/1.3/hamcrest-all-1.3.jar:/Users/isaac/.m2/repository/commons-fileupload/commons-fileupload/1.3.1/commons-fileupload-1.3.1.jar:/Users/isaac/.m2/repository/net/spy/spymemcached/2.12.3/spymemcached-2.12.3.jar:/Users/isaac/.m2/repository/commons-io/commons-io/2.4/commons-io-2.4.jar:/Users/isaac/.m2/repository/org/springframework/amqp/spring-rabbit/1.7.1.RELEASE/spring-rabbit-1.7.1.RELEASE.jar:/Users/isaac/.m2/repository/org/springframework/spring-messaging/4.3.7.RELEASE/spring-messaging-4.3.7.RELEASE.jar:/Users/isaac/.m2/repository/org/springframework/amqp/spring-amqp/1.7.1.RELEASE/spring-amqp-1.7.1.RELEASE.jar:/Users/isaac/.m2/repository/com/rabbitmq/http-client/1.1.1.RELEASE/http-client-1.1.1.RELEASE.jar:/Users/isaac/.m2/repository/org/apache/httpcomponents/httpclient/4.3.6/httpclient-4.3.6.jar:/Users/isaac/.m2/repository/org/apache/httpcomponents/httpcore/4.3.3/httpcore-4.3.3.jar:/Users/isaac/.m2/repository/commons-codec/commons-codec/1.6/commons-codec-1.6.jar:/Users/isaac/.m2/repository/com/fasterxml/jackson/core/jackson-databind/2.8.4/jackson-databind-2.8.4.jar:/Users/isaac/.m2/repository/com/fasterxml/jackson/core/jackson-annotations/2.8.0/jackson-annotations-2.8.0.jar:/Users/isaac/.m2/repository/org/springframework/retry/spring-retry/1.2.0.RELEASE/spring-retry-1.2.0.RELEASE.jar:/Users/isaac/.m2/repository/com/rabbitmq/amqp-client/4.0.2/amqp-client-4.0.2.jar:/Users/isaac/.m2/repository/org/elasticsearch/elasticsearch/5.6.4/elasticsearch-5.6.4.jar:/Users/isaac/.m2/repository/org/apache/lucene/lucene-core/6.6.1/lucene-core-6.6.1.jar:/Users/isaac/.m2/repository/org/apache/lucene/lucene-analyzers-common/6.6.1/lucene-analyzers-common-6.6.1.jar:/Users/isaac/.m2/repository/org/apache/lucene/lucene-backward-codecs/6.6.1/lucene-backward-codecs-6.6.1.jar:/Users/isaac/.m2/repository/org/apache/lucene/lucene-grouping/6.6.1/lucene-grouping-6.6.1.jar:/Users/isaac/.m2/repository/org/apache/lucene/lucene-highlighter/6.6.1/lucene-highlighter-6.6.1.jar:/Users/isaac/.m2/repository/org/apache/lucene/lucene-join/6.6.1/lucene-join-6.6.1.jar:/Users/isaac/.m2/repository/org/apache/lucene/lucene-memory/6.6.1/lucene-memory-6.6.1.jar:/Users/isaac/.m2/repository/org/apache/lucene/lucene-misc/6.6.1/lucene-misc-6.6.1.jar:/Users/isaac/.m2/repository/org/apache/lucene/lucene-queries/6.6.1/lucene-queries-6.6.1.jar:/Users/isaac/.m2/repository/org/apache/lucene/lucene-queryparser/6.6.1/lucene-queryparser-6.6.1.jar:/Users/isaac/.m2/repository/org/apache/lucene/lucene-sandbox/6.6.1/lucene-sandbox-6.6.1.jar:/Users/isaac/.m2/repository/org/apache/lucene/lucene-spatial/6.6.1/lucene-spatial-6.6.1.jar:/Users/isaac/.m2/repository/org/apache/lucene/lucene-spatial-extras/6.6.1/lucene-spatial-extras-6.6.1.jar:/Users/isaac/.m2/repository/org/apache/lucene/lucene-spatial3d/6.6.1/lucene-spatial3d-6.6.1.jar:/Users/isaac/.m2/repository/org/apache/lucene/lucene-suggest/6.6.1/lucene-suggest-6.6.1.jar:/Users/isaac/.m2/repository/org/elasticsearch/securesm/1.1/securesm-1.1.jar:/Users/isaac/.m2/repository/net/sf/jopt-simple/jopt-simple/5.0.2/jopt-simple-5.0.2.jar:/Users/isaac/.m2/repository/com/carrotsearch/hppc/0.7.1/hppc-0.7.1.jar:/Users/isaac/.m2/repository/joda-time/joda-time/2.9.5/joda-time-2.9.5.jar:/Users/isaac/.m2/repository/org/yaml/snakeyaml/1.15/snakeyaml-1.15.jar:/Users/isaac/.m2/repository/com/fasterxml/jackson/core/jackson-core/2.8.6/jackson-core-2.8.6.jar:/Users/isaac/.m2/repository/com/fasterxml/jackson/dataformat/jackson-dataformat-smile/2.8.6/jackson-dataformat-smile-2.8.6.jar:/Users/isaac/.m2/repository/com/fasterxml/jackson/dataformat/jackson-dataformat-yaml/2.8.6/jackson-dataformat-yaml-2.8.6.jar:/Users/isaac/.m2/repository/com/fasterxml/jackson/dataformat/jackson-dataformat-cbor/2.8.6/jackson-dataformat-cbor-2.8.6.jar:/Users/isaac/.m2/repository/com/tdunning/t-digest/3.0/t-digest-3.0.jar:/Users/isaac/.m2/repository/org/hdrhistogram/HdrHistogram/2.1.9/HdrHistogram-2.1.9.jar:/Users/isaac/.m2/repository/org/apache/logging/log4j/log4j-api/2.9.1/log4j-api-2.9.1.jar:/Users/isaac/.m2/repository/org/elasticsearch/jna/4.4.0-1/jna-4.4.0-1.jar:/Users/isaac/.m2/repository/org/elasticsearch/client/transport/5.6.4/transport-5.6.4.jar:/Users/isaac/.m2/repository/org/elasticsearch/plugin/transport-netty3-client/5.6.4/transport-netty3-client-5.6.4.jar:/Users/isaac/.m2/repository/io/netty/netty/3.10.6.Final/netty-3.10.6.Final.jar:/Users/isaac/.m2/repository/org/elasticsearch/plugin/transport-netty4-client/5.6.4/transport-netty4-client-5.6.4.jar:/Users/isaac/.m2/repository/io/netty/netty-buffer/4.1.13.Final/netty-buffer-4.1.13.Final.jar:/Users/isaac/.m2/repository/io/netty/netty-codec/4.1.13.Final/netty-codec-4.1.13.Final.jar:/Users/isaac/.m2/repository/io/netty/netty-codec-http/4.1.13.Final/netty-codec-http-4.1.13.Final.jar:/Users/isaac/.m2/repository/io/netty/netty-common/4.1.13.Final/netty-common-4.1.13.Final.jar:/Users/isaac/.m2/repository/io/netty/netty-handler/4.1.13.Final/netty-handler-4.1.13.Final.jar:/Users/isaac/.m2/repository/io/netty/netty-resolver/4.1.13.Final/netty-resolver-4.1.13.Final.jar:/Users/isaac/.m2/repository/io/netty/netty-transport/4.1.13.Final/netty-transport-4.1.13.Final.jar:/Users/isaac/.m2/repository/org/elasticsearch/plugin/reindex-client/5.6.4/reindex-client-5.6.4.jar:/Users/isaac/.m2/repository/org/elasticsearch/client/elasticsearch-rest-client/5.6.4/elasticsearch-rest-client-5.6.4.jar:/Users/isaac/.m2/repository/org/apache/httpcomponents/httpasyncclient/4.1.2/httpasyncclient-4.1.2.jar:/Users/isaac/.m2/repository/org/apache/httpcomponents/httpcore-nio/4.4.5/httpcore-nio-4.4.5.jar:/Users/isaac/.m2/repository/org/elasticsearch/plugin/lang-mustache-client/5.6.4/lang-mustache-client-5.6.4.jar:/Users/isaac/.m2/repository/com/github/spullara/mustache/java/compiler/0.9.3/compiler-0.9.3.jar:/Users/isaac/.m2/repository/org/elasticsearch/plugin/percolator-client/5.6.4/percolator-client-5.6.4.jar:/Users/isaac/.m2/repository/org/elasticsearch/plugin/parent-join-client/5.6.4/parent-join-client-5.6.4.jar:/Users/isaac/.m2/repository/com/google/code/gson/gson/2.8.2/gson-2.8.2.jar:"/>
    <property name="java.vm.vendor" value="AdoptOpenJDK"/>
    <property name="sun.arch.data.model" value="64"/>
    <property name="java.vendor.url" value="https://adoptopenjdk.net/"/>
    <property name="user.timezone" value=""/>
    <property name="java.vm.specification.version" value="1.8"/>
    <property name="os.name" value="Mac OS X"/>
    <property name="user.country" value="CN"/>
    <property name="sun.java.launcher" value="SUN_STANDARD"/>
    <property name="sun.boot.library.path" value="/Library/Java/JavaVirtualMachines/adoptopenjdk-8.jdk/Contents/Home/jre/lib"/>
    <property name="sun.java.command" value="/Users/isaac/Desktop/vprofile-project/target/surefire/surefirebooter-20230601142711321_3.jar /Users/isaac/Desktop/vprofile-project/target/surefire 2023-06-01T14-27-11_089-jvmRun1 surefire-20230601142711321_1tmp surefire_0-20230601142711321_2tmp"/>
    <property name="http.nonProxyHosts" value="local|*.local|169.254/16|*.169.254/16"/>
    <property name="surefire.test.class.path" value="/Users/isaac/Desktop/vprofile-project/target/test-classes:/Users/isaac/Desktop/vprofile-project/target/classes:/Users/isaac/.m2/repository/org/springframework/spring-web/4.2.0.RELEASE/spring-web-4.2.0.RELEASE.jar:/Users/isaac/.m2/repository/org/springframework/spring-aop/4.2.0.RELEASE/spring-aop-4.2.0.RELEASE.jar:/Users/isaac/.m2/repository/org/springframework/spring-beans/4.2.0.RELEASE/spring-beans-4.2.0.RELEASE.jar:/Users/isaac/.m2/repository/org/springframework/spring-context/4.2.0.RELEASE/spring-context-4.2.0.RELEASE.jar:/Users/isaac/.m2/repository/org/springframework/spring-core/4.2.0.RELEASE/spring-core-4.2.0.RELEASE.jar:/Users/isaac/.m2/repository/commons-logging/commons-logging/1.2/commons-logging-1.2.jar:/Users/isaac/.m2/repository/org/springframework/spring-webmvc/4.2.0.RELEASE/spring-webmvc-4.2.0.RELEASE.jar:/Users/isaac/.m2/repository/org/springframework/spring-expression/4.2.0.RELEASE/spring-expression-4.2.0.RELEASE.jar:/Users/isaac/.m2/repository/org/springframework/security/spring-security-web/4.0.2.RELEASE/spring-security-web-4.0.2.RELEASE.jar:/Users/isaac/.m2/repository/aopalliance/aopalliance/1.0/aopalliance-1.0.jar:/Users/isaac/.m2/repository/org/springframework/security/spring-security-core/4.0.2.RELEASE/spring-security-core-4.0.2.RELEASE.jar:/Users/isaac/.m2/repository/org/springframework/security/spring-security-config/4.0.2.RELEASE/spring-security-config-4.0.2.RELEASE.jar:/Users/isaac/.m2/repository/org/hibernate/hibernate-validator/5.2.1.Final/hibernate-validator-5.2.1.Final.jar:/Users/isaac/.m2/repository/javax/validation/validation-api/1.1.0.Final/validation-api-1.1.0.Final.jar:/Users/isaac/.m2/repository/org/jboss/logging/jboss-logging/3.2.1.Final/jboss-logging-3.2.1.Final.jar:/Users/isaac/.m2/repository/com/fasterxml/classmate/1.1.0/classmate-1.1.0.jar:/Users/isaac/.m2/repository/org/springframework/data/spring-data-jpa/1.8.2.RELEASE/spring-data-jpa-1.8.2.RELEASE.jar:/Users/isaac/.m2/repository/org/springframework/data/spring-data-commons/1.10.2.RELEASE/spring-data-commons-1.10.2.RELEASE.jar:/Users/isaac/.m2/repository/org/springframework/spring-orm/4.0.9.RELEASE/spring-orm-4.0.9.RELEASE.jar:/Users/isaac/.m2/repository/org/springframework/spring-jdbc/4.0.9.RELEASE/spring-jdbc-4.0.9.RELEASE.jar:/Users/isaac/.m2/repository/org/springframework/spring-tx/4.0.9.RELEASE/spring-tx-4.0.9.RELEASE.jar:/Users/isaac/.m2/repository/org/aspectj/aspectjrt/1.8.6/aspectjrt-1.8.6.jar:/Users/isaac/.m2/repository/org/slf4j/slf4j-api/1.7.12/slf4j-api-1.7.12.jar:/Users/isaac/.m2/repository/org/slf4j/jcl-over-slf4j/1.7.12/jcl-over-slf4j-1.7.12.jar:/Users/isaac/.m2/repository/org/hibernate/hibernate-entitymanager/4.3.11.Final/hibernate-entitymanager-4.3.11.Final.jar:/Users/isaac/.m2/repository/org/jboss/logging/jboss-logging-annotations/1.2.0.Beta1/jboss-logging-annotations-1.2.0.Beta1.jar:/Users/isaac/.m2/repository/org/hibernate/hibernate-core/4.3.11.Final/hibernate-core-4.3.11.Final.jar:/Users/isaac/.m2/repository/antlr/antlr/2.7.7/antlr-2.7.7.jar:/Users/isaac/.m2/repository/org/jboss/jandex/1.1.0.Final/jandex-1.1.0.Final.jar:/Users/isaac/.m2/repository/dom4j/dom4j/1.6.1/dom4j-1.6.1.jar:/Users/isaac/.m2/repository/xml-apis/xml-apis/1.0.b2/xml-apis-1.0.b2.jar:/Users/isaac/.m2/repository/org/hibernate/common/hibernate-commons-annotations/4.0.5.Final/hibernate-commons-annotations-4.0.5.Final.jar:/Users/isaac/.m2/repository/org/hibernate/javax/persistence/hibernate-jpa-2.1-api/1.0.0.Final/hibernate-jpa-2.1-api-1.0.0.Final.jar:/Users/isaac/.m2/repository/org/jboss/spec/javax/transaction/jboss-transaction-api_1.2_spec/1.0.0.Final/jboss-transaction-api_1.2_spec-1.0.0.Final.jar:/Users/isaac/.m2/repository/org/javassist/javassist/3.18.1-GA/javassist-3.18.1-GA.jar:/Users/isaac/.m2/repository/mysql/mysql-connector-java/5.1.36/mysql-connector-java-5.1.36.jar:/Users/isaac/.m2/repository/commons-dbcp/commons-dbcp/1.4/commons-dbcp-1.4.jar:/Users/isaac/.m2/repository/commons-pool/commons-pool/1.5.4/commons-pool-1.5.4.jar:/Users/isaac/.m2/repository/javax/servlet/jstl/1.2/jstl-1.2.jar:/Users/isaac/.m2/repository/junit/junit/4.10/junit-4.10.jar:/Users/isaac/.m2/repository/org/hamcrest/hamcrest-core/1.1/hamcrest-core-1.1.jar:/Users/isaac/.m2/repository/org/mockito/mockito-core/1.9.5/mockito-core-1.9.5.jar:/Users/isaac/.m2/repository/org/objenesis/objenesis/1.0/objenesis-1.0.jar:/Users/isaac/.m2/repository/org/springframework/spring-test/3.2.3.RELEASE/spring-test-3.2.3.RELEASE.jar:/Users/isaac/.m2/repository/javax/servlet/javax.servlet-api/3.1.0/javax.servlet-api-3.1.0.jar:/Users/isaac/.m2/repository/ch/qos/logback/logback-classic/1.1.3/logback-classic-1.1.3.jar:/Users/isaac/.m2/repository/ch/qos/logback/logback-core/1.1.3/logback-core-1.1.3.jar:/Users/isaac/.m2/repository/org/hamcrest/hamcrest-all/1.3/hamcrest-all-1.3.jar:/Users/isaac/.m2/repository/commons-fileupload/commons-fileupload/1.3.1/commons-fileupload-1.3.1.jar:/Users/isaac/.m2/repository/net/spy/spymemcached/2.12.3/spymemcached-2.12.3.jar:/Users/isaac/.m2/repository/commons-io/commons-io/2.4/commons-io-2.4.jar:/Users/isaac/.m2/repository/org/springframework/amqp/spring-rabbit/1.7.1.RELEASE/spring-rabbit-1.7.1.RELEASE.jar:/Users/isaac/.m2/repository/org/springframework/spring-messaging/4.3.7.RELEASE/spring-messaging-4.3.7.RELEASE.jar:/Users/isaac/.m2/repository/org/springframework/amqp/spring-amqp/1.7.1.RELEASE/spring-amqp-1.7.1.RELEASE.jar:/Users/isaac/.m2/repository/com/rabbitmq/http-client/1.1.1.RELEASE/http-client-1.1.1.RELEASE.jar:/Users/isaac/.m2/repository/org/apache/httpcomponents/httpclient/4.3.6/httpclient-4.3.6.jar:/Users/isaac/.m2/repository/org/apache/httpcomponents/httpcore/4.3.3/httpcore-4.3.3.jar:/Users/isaac/.m2/repository/commons-codec/commons-codec/1.6/commons-codec-1.6.jar:/Users/isaac/.m2/repository/com/fasterxml/jackson/core/jackson-databind/2.8.4/jackson-databind-2.8.4.jar:/Users/isaac/.m2/repository/com/fasterxml/jackson/core/jackson-annotations/2.8.0/jackson-annotations-2.8.0.jar:/Users/isaac/.m2/repository/org/springframework/retry/spring-retry/1.2.0.RELEASE/spring-retry-1.2.0.RELEASE.jar:/Users/isaac/.m2/repository/com/rabbitmq/amqp-client/4.0.2/amqp-client-4.0.2.jar:/Users/isaac/.m2/repository/org/elasticsearch/elasticsearch/5.6.4/elasticsearch-5.6.4.jar:/Users/isaac/.m2/repository/org/apache/lucene/lucene-core/6.6.1/lucene-core-6.6.1.jar:/Users/isaac/.m2/repository/org/apache/lucene/lucene-analyzers-common/6.6.1/lucene-analyzers-common-6.6.1.jar:/Users/isaac/.m2/repository/org/apache/lucene/lucene-backward-codecs/6.6.1/lucene-backward-codecs-6.6.1.jar:/Users/isaac/.m2/repository/org/apache/lucene/lucene-grouping/6.6.1/lucene-grouping-6.6.1.jar:/Users/isaac/.m2/repository/org/apache/lucene/lucene-highlighter/6.6.1/lucene-highlighter-6.6.1.jar:/Users/isaac/.m2/repository/org/apache/lucene/lucene-join/6.6.1/lucene-join-6.6.1.jar:/Users/isaac/.m2/repository/org/apache/lucene/lucene-memory/6.6.1/lucene-memory-6.6.1.jar:/Users/isaac/.m2/repository/org/apache/lucene/lucene-misc/6.6.1/lucene-misc-6.6.1.jar:/Users/isaac/.m2/repository/org/apache/lucene/lucene-queries/6.6.1/lucene-queries-6.6.1.jar:/Users/isaac/.m2/repository/org/apache/lucene/lucene-queryparser/6.6.1/lucene-queryparser-6.6.1.jar:/Users/isaac/.m2/repository/org/apache/lucene/lucene-sandbox/6.6.1/lucene-sandbox-6.6.1.jar:/Users/isaac/.m2/repository/org/apache/lucene/lucene-spatial/6.6.1/lucene-spatial-6.6.1.jar:/Users/isaac/.m2/repository/org/apache/lucene/lucene-spatial-extras/6.6.1/lucene-spatial-extras-6.6.1.jar:/Users/isaac/.m2/repository/org/apache/lucene/lucene-spatial3d/6.6.1/lucene-spatial3d-6.6.1.jar:/Users/isaac/.m2/repository/org/apache/lucene/lucene-suggest/6.6.1/lucene-suggest-6.6.1.jar:/Users/isaac/.m2/repository/org/elasticsearch/securesm/1.1/securesm-1.1.jar:/Users/isaac/.m2/repository/net/sf/jopt-simple/jopt-simple/5.0.2/jopt-simple-5.0.2.jar:/Users/isaac/.m2/repository/com/carrotsearch/hppc/0.7.1/hppc-0.7.1.jar:/Users/isaac/.m2/repository/joda-time/joda-time/2.9.5/joda-time-2.9.5.jar:/Users/isaac/.m2/repository/org/yaml/snakeyaml/1.15/snakeyaml-1.15.jar:/Users/isaac/.m2/repository/com/fasterxml/jackson/core/jackson-core/2.8.6/jackson-core-2.8.6.jar:/Users/isaac/.m2/repository/com/fasterxml/jackson/dataformat/jackson-dataformat-smile/2.8.6/jackson-dataformat-smile-2.8.6.jar:/Users/isaac/.m2/repository/com/fasterxml/jackson/dataformat/jackson-dataformat-yaml/2.8.6/jackson-dataformat-yaml-2.8.6.jar:/Users/isaac/.m2/repository/com/fasterxml/jackson/dataformat/jackson-dataformat-cbor/2.8.6/jackson-dataformat-cbor-2.8.6.jar:/Users/isaac/.m2/repository/com/tdunning/t-digest/3.0/t-digest-3.0.jar:/Users/isaac/.m2/repository/org/hdrhistogram/HdrHistogram/2.1.9/HdrHistogram-2.1.9.jar:/Users/isaac/.m2/repository/org/apache/logging/log4j/log4j-api/2.9.1/log4j-api-2.9.1.jar:/Users/isaac/.m2/repository/org/elasticsearch/jna/4.4.0-1/jna-4.4.0-1.jar:/Users/isaac/.m2/repository/org/elasticsearch/client/transport/5.6.4/transport-5.6.4.jar:/Users/isaac/.m2/repository/org/elasticsearch/plugin/transport-netty3-client/5.6.4/transport-netty3-client-5.6.4.jar:/Users/isaac/.m2/repository/io/netty/netty/3.10.6.Final/netty-3.10.6.Final.jar:/Users/isaac/.m2/repository/org/elasticsearch/plugin/transport-netty4-client/5.6.4/transport-netty4-client-5.6.4.jar:/Users/isaac/.m2/repository/io/netty/netty-buffer/4.1.13.Final/netty-buffer-4.1.13.Final.jar:/Users/isaac/.m2/repository/io/netty/netty-codec/4.1.13.Final/netty-codec-4.1.13.Final.jar:/Users/isaac/.m2/repository/io/netty/netty-codec-http/4.1.13.Final/netty-codec-http-4.1.13.Final.jar:/Users/isaac/.m2/repository/io/netty/netty-common/4.1.13.Final/netty-common-4.1.13.Final.jar:/Users/isaac/.m2/repository/io/netty/netty-handler/4.1.13.Final/netty-handler-4.1.13.Final.jar:/Users/isaac/.m2/repository/io/netty/netty-resolver/4.1.13.Final/netty-resolver-4.1.13.Final.jar:/Users/isaac/.m2/repository/io/netty/netty-transport/4.1.13.Final/netty-transport-4.1.13.Final.jar:/Users/isaac/.m2/repository/org/elasticsearch/plugin/reindex-client/5.6.4/reindex-client-5.6.4.jar:/Users/isaac/.m2/repository/org/elasticsearch/client/elasticsearch-rest-client/5.6.4/elasticsearch-rest-client-5.6.4.jar:/Users/isaac/.m2/repository/org/apache/httpcomponents/httpasyncclient/4.1.2/httpasyncclient-4.1.2.jar:/Users/isaac/.m2/repository/org/apache/httpcomponents/httpcore-nio/4.4.5/httpcore-nio-4.4.5.jar:/Users/isaac/.m2/repository/org/elasticsearch/plugin/lang-mustache-client/5.6.4/lang-mustache-client-5.6.4.jar:/Users/isaac/.m2/repository/com/github/spullara/mustache/java/compiler/0.9.3/compiler-0.9.3.jar:/Users/isaac/.m2/repository/org/elasticsearch/plugin/percolator-client/5.6.4/percolator-client-5.6.4.jar:/Users/isaac/.m2/repository/org/elasticsearch/plugin/parent-join-client/5.6.4/parent-join-client-5.6.4.jar:/Users/isaac/.m2/repository/com/google/code/gson/gson/2.8.2/gson-2.8.2.jar:"/>
    <property name="sun.cpu.endian" value="little"/>
    <property name="user.home" value="/Users/isaac"/>
    <property name="user.language" value="zh"/>
    <property name="java.specification.vendor" value="Oracle Corporation"/>
    <property name="java.home" value="/Library/Java/JavaVirtualMachines/adoptopenjdk-8.jdk/Contents/Home/jre"/>
    <property name="basedir" value="/Users/isaac/Desktop/vprofile-project"/>
    <property name="file.separator" value="/"/>
    <property name="line.separator" value="&#10;"/>
    <property name="java.vm.specification.vendor" value="Oracle Corporation"/>
    <property name="java.specification.name" value="Java Platform API Specification"/>
    <property name="java.awt.graphicsenv" value="sun.awt.CGraphicsEnvironment"/>
    <property name="surefire.real.class.path" value="/Users/isaac/Desktop/vprofile-project/target/surefire/surefirebooter-20230601142711321_3.jar:/Users/isaac/.m2/repository/org/jacoco/org.jacoco.agent/0.7.2.201409121644/org.jacoco.agent-0.7.2.201409121644-runtime.jar"/>
    <property name="sun.boot.class.path" value="/Library/Java/JavaVirtualMachines/adoptopenjdk-8.jdk/Contents/Home/jre/lib/resources.jar:/Library/Java/JavaVirtualMachines/adoptopenjdk-8.jdk/Contents/Home/jre/lib/rt.jar:/Library/Java/JavaVirtualMachines/adoptopenjdk-8.jdk/Contents/Home/jre/lib/sunrsasign.jar:/Library/Java/JavaVirtualMachines/adoptopenjdk-8.jdk/Contents/Home/jre/lib/jsse.jar:/Library/Java/JavaVirtualMachines/adoptopenjdk-8.jdk/Contents/Home/jre/lib/jce.jar:/Library/Java/JavaVirtualMachines/adoptopenjdk-8.jdk/Contents/Home/jre/lib/charsets.jar:/Library/Java/JavaVirtualMachines/adoptopenjdk-8.jdk/Contents/Home/jre/lib/jfr.jar:/Library/Java/JavaVirtualMachines/adoptopenjdk-8.jdk/Contents/Home/jre/classes"/>
    <property name="sun.management.compiler" value="HotSpot 64-Bit Tiered Compilers"/>
    <property name="ftp.nonProxyHosts" value="local|*.local|169.254/16|*.169.254/16"/>
    <property name="java.runtime.version" value="1.8.0_292-b10"/>
    <property name="user.name" value="isaac"/>
    <property name="path.separator" value=":"/>
    <property name="os.version" value="10.16"/>
    <property name="java.endorsed.dirs" value="/Library/Java/JavaVirtualMachines/adoptopenjdk-8.jdk/Contents/Home/jre/lib/endorsed"/>
    <property name="java.runtime.name" value="OpenJDK Runtime Environment"/>
    <property name="file.encoding" value="UTF-8"/>
    <property name="java.vm.name" value="OpenJDK 64-Bit Server VM"/>
    <property name="localRepository" value="/Users/isaac/.m2/repository"/>
    <property name="java.vendor.url.bug" value="https://github.com/AdoptOpenJDK/openjdk-support/issues"/>
    <property name="java.io.tmpdir" value="/var/folders/dx/3_b3m33x0sz5d4vqm3q0flvh0000gn/T/"/>
    <property name="java.version" value="1.8.0_292"/>
    <property name="user.dir" value="/Users/isaac/Desktop/vprofile-project"/>
    <property name="os.arch" value="x86_64"/>
    <property name="java.vm.specification.name" value="Java Virtual Machine Specification"/>
    <property name="java.awt.printerjob" value="sun.lwawt.macosx.CPrinterJob"/>
    <property name="sun.os.patch.level" value="unknown"/>
    <property name="java.library.path" value="/Users/isaac/Library/Java/Extensions:/Library/Java/Extensions:/Network/Library/Java/Extensions:/System/Library/Java/Extensions:/usr/lib/java:."/>
    <property name="java.vm.info" value="mixed mode"/>
    <property name="java.vendor" value="AdoptOpenJDK"/>
    <property name="java.vm.version" value="25.292-b10"/>
    <property name="java.ext.dirs" value="/Users/isaac/Library/Java/Extensions:/Library/Java/JavaVirtualMachines/adoptopenjdk-8.jdk/Contents/Home/jre/lib/ext:/Library/Java/Extensions:/Network/Library/Java/Extensions:/System/Library/Java/Extensions:/usr/lib/java"/>
    <property name="sun.io.unicode.encoding" value="UnicodeBig"/>
    <property name="java.class.version" value="52.0"/>
    <property name="socksNonProxyHosts" value="local|*.local|169.254/16|*.169.254/16"/>
  </properties>
  <testcase name="testUserDetailsHappyFlow" classname="com.visualpathit.account.modelTest.UserTest" time="0.002">
    <system-out><![CDATA[Test Completed
]]></system-out>
  </testcase>
</testsuite>